<?xml version="1.0" encoding="UTF-8"?>
<testsuite name="test.java.StringProcessingTest" tests="3" skipped="0" failures="0" errors="0" timestamp="2025-03-31T16:47:58.747Z" hostname="DESKTOP-4B7T0JR" time="0.116">
  <properties/>
  <testcase name="processShouldBePairTest()" classname="test.java.StringProcessingTest" time="0.095"/>
  <testcase name="processStopTest()" classname="test.java.StringProcessingTest" time="0.004"/>
  <testcase name="processTest()" classname="test.java.StringProcessingTest" time="0.003"/>
  <system-out><![CDATA[]]></system-out>
  <system-err><![CDATA[]]></system-err>
</testsuite>
