<?xml version="1.0" encoding="UTF-8"?>
<testsuite name="test.java.SqrtCommandTest" tests="3" skipped="0" failures="0" errors="0" timestamp="2025-03-31T16:47:59.171Z" hostname="DESKTOP-4B7T0JR" time="0.02">
  <properties/>
  <testcase name="sqrtTest()" classname="test.java.SqrtCommandTest" time="0.004"/>
  <testcase name="sqrtIncorrectArgsTest()" classname="test.java.SqrtCommandTest" time="0.003"/>
  <testcase name="sqrtIncorrectNumberArgsTest()" classname="test.java.SqrtCommandTest" time="0.003"/>
  <system-out><![CDATA[]]></system-out>
  <system-err><![CDATA[]]></system-err>
</testsuite>
