<?xml version="1.0" encoding="UTF-8"?>
<testsuite name="test.java.DefineCommandTest" tests="3" skipped="0" failures="0" errors="0" timestamp="2025-03-31T16:47:58.913Z" hostname="DESKTOP-4B7T0JR" time="0.02">
  <properties/>
  <testcase name="defineTest()" classname="test.java.DefineCommandTest" time="0.003"/>
  <testcase name="defineIncorrectNumberArgsTest()" classname="test.java.DefineCommandTest" time="0.005"/>
  <testcase name="defineIncorrectArgsTest()" classname="test.java.DefineCommandTest" time="0.004"/>
  <system-out><![CDATA[]]></system-out>
  <system-err><![CDATA[]]></system-err>
</testsuite>
