<?xml version="1.0" encoding="UTF-8"?>
<testsuite name="test.java.SubCommandTest" tests="3" skipped="0" failures="0" errors="0" timestamp="2025-03-31T16:47:59.206Z" hostname="DESKTOP-4B7T0JR" time="0.026">
  <properties/>
  <testcase name="subTest()" classname="test.java.SubCommandTest" time="0.004"/>
  <testcase name="subIncorrectArgsTest()" classname="test.java.SubCommandTest" time="0.014"/>
  <testcase name="subIncorrectNumberArgsTest()" classname="test.java.SubCommandTest" time="0.003"/>
  <system-out><![CDATA[]]></system-out>
  <system-err><![CDATA[]]></system-err>
</testsuite>
