<?xml version="1.0" encoding="UTF-8"?>
<testsuite name="test.java.DivCommandTest" tests="3" skipped="0" failures="0" errors="0" timestamp="2025-03-31T16:47:58.944Z" hostname="DESKTOP-4B7T0JR" time="0.026">
  <properties/>
  <testcase name="divIncorrectArgsTest()" classname="test.java.DivCommandTest" time="0.009"/>
  <testcase name="divTest()" classname="test.java.DivCommandTest" time="0.003"/>
  <testcase name="divIncorrectNumberArgsTest()" classname="test.java.DivCommandTest" time="0.004"/>
  <system-out><![CDATA[]]></system-out>
  <system-err><![CDATA[]]></system-err>
</testsuite>
