<?xml version="1.0" encoding="UTF-8"?>
<testsuite name="test.java.PushCommandTest" tests="4" skipped="0" failures="0" errors="0" timestamp="2025-03-31T16:47:59.096Z" hostname="DESKTOP-4B7T0JR" time="0.061">
  <properties/>
  <testcase name="pushNotANumberTest()" classname="test.java.PushCommandTest" time="0.009"/>
  <testcase name="pushIncorrestNotANumberTest()" classname="test.java.PushCommandTest" time="0.032"/>
  <testcase name="pushIncorrectArgsTest()" classname="test.java.PushCommandTest" time="0.004"/>
  <testcase name="pushNumberTest()" classname="test.java.PushCommandTest" time="0.002"/>
  <system-out><![CDATA[]]></system-out>
  <system-err><![CDATA[]]></system-err>
</testsuite>
