<?xml version="1.0" encoding="UTF-8"?>
<testsuite name="test.java.PopCommandTest" tests="3" skipped="0" failures="0" errors="0" timestamp="2025-04-21T07:02:53.283Z" hostname="DESKTOP-4B7T0JR" time="0.015">
  <properties/>
  <testcase name="popIncorrectNumberArgsTest()" classname="test.java.PopCommandTest" time="0.004"/>
  <testcase name="popIncorrectArgsTest()" classname="test.java.PopCommandTest" time="0.003"/>
  <testcase name="popTest()" classname="test.java.PopCommandTest" time="0.004"/>
  <system-out><![CDATA[]]></system-out>
  <system-err><![CDATA[]]></system-err>
</testsuite>
