<?xml version="1.0" encoding="UTF-8"?>
<testsuite name="test.java.DivCommandTest" tests="4" skipped="0" failures="0" errors="0" timestamp="2025-04-21T07:02:53.216Z" hostname="DESKTOP-4B7T0JR" time="0.024">
  <properties/>
  <testcase name="divIncorrectArgsTest()" classname="test.java.DivCommandTest" time="0.003"/>
  <testcase name="divByZeroTest()" classname="test.java.DivCommandTest" time="0.004"/>
  <testcase name="divTest()" classname="test.java.DivCommandTest" time="0.004"/>
  <testcase name="divIncorrectNumberArgsTest()" classname="test.java.DivCommandTest" time="0.003"/>
  <system-out><![CDATA[]]></system-out>
  <system-err><![CDATA[]]></system-err>
</testsuite>
