<?xml version="1.0" encoding="UTF-8"?>
<testsuite name="test.java.PrintCommandTest" tests="3" skipped="0" failures="0" errors="0" timestamp="2025-04-21T07:02:53.305Z" hostname="DESKTOP-4B7T0JR" time="0.014">
  <properties/>
  <testcase name="printTest()" classname="test.java.PrintCommandTest" time="0.003"/>
  <testcase name="printIncorrectNumberArgsTest()" classname="test.java.PrintCommandTest" time="0.004"/>
  <testcase name="printIncorrectArgsTest()" classname="test.java.PrintCommandTest" time="0.002"/>
  <system-out><![CDATA[]]></system-out>
  <system-err><![CDATA[]]></system-err>
</testsuite>
