<?xml version="1.0" encoding="UTF-8"?>
<testsuite name="test.java.SubCommandTest" tests="3" skipped="0" failures="0" errors="0" timestamp="2025-04-21T07:02:53.419Z" hostname="DESKTOP-4B7T0JR" time="0.014">
  <properties/>
  <testcase name="subTest()" classname="test.java.SubCommandTest" time="0.002"/>
  <testcase name="subIncorrectArgsTest()" classname="test.java.SubCommandTest" time="0.002"/>
  <testcase name="subIncorrectNumberArgsTest()" classname="test.java.SubCommandTest" time="0.005"/>
  <system-out><![CDATA[]]></system-out>
  <system-err><![CDATA[]]></system-err>
</testsuite>
