<?xml version="1.0" encoding="UTF-8"?>
<testsuite name="test.java.AddCommandTest" tests="3" skipped="0" failures="0" errors="0" timestamp="2025-04-21T07:02:53.088Z" hostname="DESKTOP-4B7T0JR" time="0.086">
  <properties/>
  <testcase name="addTest()" classname="test.java.AddCommandTest" time="0.067"/>
  <testcase name="addIncorrectNumberArgsTest()" classname="test.java.AddCommandTest" time="0.007"/>
  <testcase name="addIncorrectArgsTest()" classname="test.java.AddCommandTest" time="0.003"/>
  <system-out><![CDATA[]]></system-out>
  <system-err><![CDATA[]]></system-err>
</testsuite>
