<?xml version="1.0" encoding="UTF-8"?>
<testsuite name="test.java.PushCommandTest" tests="4" skipped="0" failures="0" errors="0" timestamp="2025-04-21T07:02:53.328Z" hostname="DESKTOP-4B7T0JR" time="0.028">
  <properties/>
  <testcase name="pushNotANumberTest()" classname="test.java.PushCommandTest" time="0.003"/>
  <testcase name="pushIncorrestNotANumberTest()" classname="test.java.PushCommandTest" time="0.015"/>
  <testcase name="pushIncorrectArgsTest()" classname="test.java.PushCommandTest" time="0.004"/>
  <testcase name="pushNumberTest()" classname="test.java.PushCommandTest" time="0.001"/>
  <system-out><![CDATA[]]></system-out>
  <system-err><![CDATA[]]></system-err>
</testsuite>
